#
# There is insufficient memory for the Java Runtime Environment to continue.
# Native memory allocation (malloc) failed to allocate 1140576 bytes for Chunk::new
# Possible reasons:
#   The system is out of physical RAM or swap space
#   In 32 bit mode, the process size limit was hit
# Possible solutions:
#   Reduce memory load on the system
#   Increase physical memory or swap space
#   Check if swap backing store is full
#   Use 64 bit Java on a 64 bit OS
#   Decrease Java heap size (-Xmx/-Xms)
#   Decrease number of Java threads
#   Decrease Java thread stack sizes (-Xss)
#   Set larger code cache with -XX:ReservedCodeCacheSize=
# This output file may be truncated or incomplete.
#
#  Out of Memory Error (allocation.cpp:390), pid=10396, tid=3544
#
# JRE version: Java(TM) SE Runtime Environment (8.0_91-b15) (build 1.8.0_91-b15)
# Java VM: Java HotSpot(TM) 64-Bit Server VM (25.91-b15 mixed mode windows-amd64 compressed oops)
# Failed to write core dump. Minidumps are not enabled by default on client versions of Windows
#

---------------  T H R E A D  ---------------

Current thread (0x000000001bc97000):  JavaThread "C2 CompilerThread1" daemon [_thread_in_native, id=3544, stack(0x000000001d290000,0x000000001d390000)]

Stack: [0x000000001d290000,0x000000001d390000]
[error occurred during error reporting (printing stack bounds), id 0xc0000005]

Native frames: (J=compiled Java code, j=interpreted, Vv=VM code, C=native code)


Current CompileTask:
C2:   8101 2147 %     4       com.android.dx.ssa.ConstCollector::getConstsSortedByCountUse @ 27 (386 bytes)


---------------  P R O C E S S  ---------------

Java Threads: ( => current thread )
  0x000000001d60e800 JavaThread "pool-2-thread-4" [_thread_in_Java, id=14652, stack(0x000000001de90000,0x000000001df90000)]
  0x000000001d5ff800 JavaThread "pool-3-thread-1" [_thread_blocked, id=13432, stack(0x000000001db90000,0x000000001dc90000)]
  0x000000001d396000 JavaThread "Service Thread" daemon [_thread_blocked, id=4784, stack(0x000000001d890000,0x000000001d990000)]
  0x000000001d390800 JavaThread "C1 CompilerThread2" daemon [_thread_blocked, id=13604, stack(0x000000001d790000,0x000000001d890000)]
=>0x000000001bc97000 JavaThread "C2 CompilerThread1" daemon [_thread_in_native, id=3544, stack(0x000000001d290000,0x000000001d390000)]
  0x000000001bc3d000 JavaThread "C2 CompilerThread0" daemon [_thread_in_native, id=13540, stack(0x000000001d190000,0x000000001d290000)]
  0x000000001bc3b800 JavaThread "Attach Listener" daemon [_thread_blocked, id=11860, stack(0x000000001d090000,0x000000001d190000)]
  0x000000001bc3a800 JavaThread "Signal Dispatcher" daemon [_thread_blocked, id=12680, stack(0x000000001cf90000,0x000000001d090000)]
  0x000000001bc2a800 JavaThread "Finalizer" daemon [_thread_blocked, id=14684, stack(0x000000001ce90000,0x000000001cf90000)]
  0x0000000002560000 JavaThread "Reference Handler" daemon [_thread_blocked, id=11484, stack(0x000000001cd90000,0x000000001ce90000)]
  0x0000000000b5e000 JavaThread "main" [_thread_blocked, id=15104, stack(0x0000000002370000,0x0000000002470000)]

Other Threads:
  0x000000001bc07000 VMThread [stack: 0x000000001cc90000,0x000000001cd90000] [id=10248]
  0x000000001d3aa000 WatcherThread [stack: 0x000000001d990000,0x000000001da90000] [id=14092]

VM state:not at safepoint (normal execution)

VM Mutex/Monitor currently owned by a thread: None

Heap:
 PSYoungGen      total 141824K, used 117613K [0x000000076ab00000, 0x000000077c000000, 0x00000007c0000000)
  eden space 131072K, 81% used [0x000000076ab00000,0x000000077135bcc8,0x0000000772b00000)
  from space 10752K, 99% used [0x0000000772b00000,0x000000077357f918,0x0000000773580000)
  to   space 10752K, 0% used [0x000000077b580000,0x000000077b580000,0x000000077c000000)
 ParOldGen       total 175104K, used 34284K [0x00000006c0000000, 0x00000006cab00000, 0x000000076ab00000)
  object space 175104K, 19% used [0x00000006c0000000,0x00000006c217b2f0,0x00000006cab00000)
 Metaspace       used 6442K, capacity 7220K, committed 7296K, reserved 1056768K
  class space    used 606K, capacity 620K, committed 640K, reserved 1048576K

Card table byte_map: [0x0000000011930000,0x0000000012140000] byte_map_base: 0x000000000e330000

Marking Bits: (ParMarkBitMap*) 0x0000000062d72f70
 Begin Bits: [0x0000000012aa0000, 0x0000000016aa0000)
 End Bits:   [0x0000000016aa0000, 0x000000001aaa0000)

Polling page: 0x0000000000950000

CodeCache: size=245760Kb used=9757Kb max_used=9775Kb free=236002Kb
 bounds [0x0000000002570000, 0x0000000002f10000, 0x0000000011570000]
 total_blobs=2324 nmethods=2055 adapters=181
 compilation: enabled

Compilation events (10 events):
Event: 8.015 Thread 0x000000001d390800 2196       2       com.android.dx.rop.cst.CstFloat::getType (4 bytes)
Event: 8.015 Thread 0x000000001d390800 nmethod 2196 0x0000000002e92010 code [0x0000000002e92160, 0x0000000002e922b0]
Event: 8.021 Thread 0x000000001d390800 2197       2       com.android.dx.cf.code.BytecodeArray::parseLookupswitch (175 bytes)
Event: 8.022 Thread 0x000000001d390800 nmethod 2197 0x0000000002ef2e10 code [0x0000000002ef3040, 0x0000000002ef3808]
Event: 8.026 Thread 0x000000001d390800 2198       2       com.android.dx.rop.code.SwitchInsn::withNewRegisters (22 bytes)
Event: 8.026 Thread 0x000000001d390800 nmethod 2198 0x0000000002e91bd0 code [0x0000000002e91d40, 0x0000000002e91f28]
Event: 8.031 Thread 0x000000001d390800 2199       2       com.android.dx.cf.direct.StdAttributeFactory::constantValue (94 bytes)
Event: 8.033 Thread 0x000000001d390800 nmethod 2199 0x0000000002efb250 code [0x0000000002efb540, 0x0000000002efc408]
Event: 8.062 Thread 0x000000001bc3d000 nmethod 2163 0x0000000002f00d90 code [0x0000000002f01000, 0x0000000002f02dc0]
Event: 8.062 Thread 0x000000001bc3d000 2180       4       com.android.dx.cf.code.BasicBlocker::getBlockList (208 bytes)

GC Heap History (6 events):
Event: 3.434 GC heap before
{Heap before GC invocations=1 (full 0):
 PSYoungGen      total 76288K, used 65536K [0x000000076ab00000, 0x0000000770000000, 0x00000007c0000000)
  eden space 65536K, 100% used [0x000000076ab00000,0x000000076eb00000,0x000000076eb00000)
  from space 10752K, 0% used [0x000000076f580000,0x000000076f580000,0x0000000770000000)
  to   space 10752K, 0% used [0x000000076eb00000,0x000000076eb00000,0x000000076f580000)
 ParOldGen       total 175104K, used 0K [0x00000006c0000000, 0x00000006cab00000, 0x000000076ab00000)
  object space 175104K, 0% used [0x00000006c0000000,0x00000006c0000000,0x00000006cab00000)
 Metaspace       used 6148K, capacity 7024K, committed 7296K, reserved 1056768K
  class space    used 595K, capacity 616K, committed 640K, reserved 1048576K
Event: 3.565 GC heap after
Heap after GC invocations=1 (full 0):
 PSYoungGen      total 76288K, used 9844K [0x000000076ab00000, 0x0000000774000000, 0x00000007c0000000)
  eden space 65536K, 0% used [0x000000076ab00000,0x000000076ab00000,0x000000076eb00000)
  from space 10752K, 91% used [0x000000076eb00000,0x000000076f49d050,0x000000076f580000)
  to   space 10752K, 0% used [0x0000000773580000,0x0000000773580000,0x0000000774000000)
 ParOldGen       total 175104K, used 8K [0x00000006c0000000, 0x00000006cab00000, 0x000000076ab00000)
  object space 175104K, 0% used [0x00000006c0000000,0x00000006c0002000,0x00000006cab00000)
 Metaspace       used 6148K, capacity 7024K, committed 7296K, reserved 1056768K
  class space    used 595K, capacity 616K, committed 640K, reserved 1048576K
}
Event: 4.815 GC heap before
{Heap before GC invocations=2 (full 0):
 PSYoungGen      total 76288K, used 75380K [0x000000076ab00000, 0x0000000774000000, 0x00000007c0000000)
  eden space 65536K, 100% used [0x000000076ab00000,0x000000076eb00000,0x000000076eb00000)
  from space 10752K, 91% used [0x000000076eb00000,0x000000076f49d050,0x000000076f580000)
  to   space 10752K, 0% used [0x0000000773580000,0x0000000773580000,0x0000000774000000)
 ParOldGen       total 175104K, used 8K [0x00000006c0000000, 0x00000006cab00000, 0x000000076ab00000)
  object space 175104K, 0% used [0x00000006c0000000,0x00000006c0002000,0x00000006cab00000)
 Metaspace       used 6365K, capacity 7154K, committed 7296K, reserved 1056768K
  class space    used 601K, capacity 618K, committed 640K, reserved 1048576K
Event: 4.916 GC heap after
Heap after GC invocations=2 (full 0):
 PSYoungGen      total 141824K, used 10724K [0x000000076ab00000, 0x0000000774000000, 0x00000007c0000000)
  eden space 131072K, 0% used [0x000000076ab00000,0x000000076ab00000,0x0000000772b00000)
  from space 10752K, 99% used [0x0000000773580000,0x0000000773ff9038,0x0000000774000000)
  to   space 10752K, 0% used [0x0000000772b00000,0x0000000772b00000,0x0000000773580000)
 ParOldGen       total 175104K, used 8481K [0x00000006c0000000, 0x00000006cab00000, 0x000000076ab00000)
  object space 175104K, 4% used [0x00000006c0000000,0x00000006c0848530,0x00000006cab00000)
 Metaspace       used 6365K, capacity 7154K, committed 7296K, reserved 1056768K
  class space    used 601K, capacity 618K, committed 640K, reserved 1048576K
}
Event: 6.617 GC heap before
{Heap before GC invocations=3 (full 0):
 PSYoungGen      total 141824K, used 141796K [0x000000076ab00000, 0x0000000774000000, 0x00000007c0000000)
  eden space 131072K, 100% used [0x000000076ab00000,0x0000000772b00000,0x0000000772b00000)
  from space 10752K, 99% used [0x0000000773580000,0x0000000773ff9038,0x0000000774000000)
  to   space 10752K, 0% used [0x0000000772b00000,0x0000000772b00000,0x0000000773580000)
 ParOldGen       total 175104K, used 8481K [0x00000006c0000000, 0x00000006cab00000, 0x000000076ab00000)
  object space 175104K, 4% used [0x00000006c0000000,0x00000006c0848530,0x00000006cab00000)
 Metaspace       used 6412K, capacity 7154K, committed 7296K, reserved 1056768K
  class space    used 604K, capacity 618K, committed 640K, reserved 1048576K
Event: 6.786 GC heap after
Heap after GC invocations=3 (full 0):
 PSYoungGen      total 141824K, used 10750K [0x000000076ab00000, 0x000000077c000000, 0x00000007c0000000)
  eden space 131072K, 0% used [0x000000076ab00000,0x000000076ab00000,0x0000000772b00000)
  from space 10752K, 99% used [0x0000000772b00000,0x000000077357f918,0x0000000773580000)
  to   space 10752K, 0% used [0x000000077b580000,0x000000077b580000,0x000000077c000000)
 ParOldGen       total 175104K, used 34284K [0x00000006c0000000, 0x00000006cab00000, 0x000000076ab00000)
  object space 175104K, 19% used [0x00000006c0000000,0x00000006c217b2f0,0x00000006cab00000)
 Metaspace       used 6412K, capacity 7154K, committed 7296K, reserved 1056768K
  class space    used 604K, capacity 618K, committed 640K, reserved 1048576K
}

Deoptimization events (10 events):
Event: 7.248 Thread 0x000000001d60e800 Uncommon trap: reason=unstable_if action=reinterpret pc=0x0000000002cf7484 method=com.android.dx.cf.code.RopperMachine.run(Lcom/android/dx/cf/code/Frame;II)V @ 1500
Event: 7.248 Thread 0x000000001d60e800 Uncommon trap: reason=class_check action=maybe_recompile pc=0x0000000002d91e78 method=com.android.dx.cf.code.Ropper.processBlock(Lcom/android/dx/cf/code/ByteBlock;Lcom/android/dx/cf/code/Frame;[I)V @ 777
Event: 7.325 Thread 0x000000001d60e000 Uncommon trap: reason=class_check action=maybe_recompile pc=0x0000000002d91e78 method=com.android.dx.cf.code.Ropper.processBlock(Lcom/android/dx/cf/code/ByteBlock;Lcom/android/dx/cf/code/Frame;[I)V @ 777
Event: 7.364 Thread 0x0000000000b5e000 Uncommon trap: reason=unstable_if action=reinterpret pc=0x0000000002d909b0 method=com.android.dx.util.IntList.binarysearch(I)I @ 105
Event: 7.981 Thread 0x000000001d5fb800 Uncommon trap: reason=uninitialized action=reinterpret pc=0x0000000002eb17e4 method=com.android.dx.cf.code.BytecodeArray.parseInstruction(ILcom/android/dx/cf/code/BytecodeArray$Visitor;)I @ 1031
Event: 7.989 Thread 0x000000001d5fb800 Uncommon trap: reason=class_check action=maybe_recompile pc=0x0000000002dd7a94 method=com.android.dx.rop.cst.CstLiteral32.equals(Ljava/lang/Object;)Z @ 20
Event: 7.990 Thread 0x000000001d5fb800 Uncommon trap: reason=class_check action=maybe_recompile pc=0x0000000002dd7a94 method=com.android.dx.rop.cst.CstLiteral32.equals(Ljava/lang/Object;)Z @ 20
Event: 7.990 Thread 0x000000001d5fb800 Uncommon trap: reason=class_check action=maybe_recompile pc=0x0000000002dd7a94 method=com.android.dx.rop.cst.CstLiteral32.equals(Ljava/lang/Object;)Z @ 20
Event: 7.990 Thread 0x000000001d5fb800 Uncommon trap: reason=class_check action=maybe_recompile pc=0x0000000002dd7a94 method=com.android.dx.rop.cst.CstLiteral32.equals(Ljava/lang/Object;)Z @ 20
Event: 8.003 Thread 0x0000000000b5e000 Uncommon trap: reason=unloaded action=reinterpret pc=0x0000000002d0e374 method=com.android.dx.cf.cst.ConstantPoolParser.parse0(ILjava/util/BitSet;)Lcom/android/dx/rop/cst/Constant; @ 176

Internal exceptions (3 events):
Event: 0.434 Thread 0x0000000000b5e000 Exception <a 'java/lang/NoSuchMethodError': Method sun.misc.Unsafe.defineClass(Ljava/lang/String;[BII)Ljava/lang/Class; name or signature does not match> (0x000000076ab07cc0) thrown at [C:\re\workspace\8-2-build-windows-amd64-cygwin\jdk8u91\7017\hotspot\srÕzùå¸»€?
Event: 0.434 Thread 0x0000000000b5e000 Exception <a 'java/lang/NoSuchMethodError': Method sun.misc.Unsafe.prefetchRead(Ljava/lang/Object;J)V name or signature does not match> (0x000000076ab07fa8) thrown at [C:\re\workspace\8-2-build-windows-amd64-cygwin\jdk8u91\7017\hotspot\src\share\vm\prims\ja`7¿[¿@
Event: 2.594 Thread 0x000000001d60e000 Implicit null exception at 0x00000000027bd5e2 to 0x00000000027bd6e2

Events (10 events):
Event: 8.003 Thread 0x0000000000b5e000 Uncommon trap: trap_request=0x000000cf fr.pc=0x0000000002d0e374
Event: 8.003 Thread 0x0000000000b5e000 DEOPT PACKING pc=0x0000000002d0e374 sp=0x000000000246ea20
Event: 8.003 Thread 0x0000000000b5e000 DEOPT UNPACKING pc=0x00000000025b582a sp=0x000000000246ea68 mode 2
Event: 8.035 loading class java/util/HashMap$KeySet
Event: 8.035 loading class java/util/HashMap$KeySet done
Event: 8.035 loading class java/util/HashMap$KeyIterator
Event: 8.035 loading class java/util/HashMap$KeyIterator done
Event: 8.036 Thread 0x000000001d601000 Thread exited: 0x000000001d601000
Event: 8.036 Thread 0x000000001d5fb800 Thread exited: 0x000000001d5fb800
Event: 8.036 Thread 0x000000001d60e000 Thread exited: 0x000000001d60e000


Dynamic libraries:
0x00007ff691460000 - 0x00007ff691497000 	C:\Program Files\Java\jdk1.8.0_91\bin\java.exe
0x00007ffe56700000 - 0x00007ffe568ad000 	C:\Windows\SYSTEM32\ntdll.dll
0x00007ffe53d90000 - 0x00007ffe53ece000 	C:\Windows\system32\KERNEL32.DLL
0x00007ffe53a40000 - 0x00007ffe53b55000 	C:\Windows\system32\KERNELBASE.dll
0x00007ffe51a40000 - 0x00007ffe51ace000 	C:\Windows\system32\apphelp.dll
0x00007ffe26d10000 - 0x00007ffe26d63000 	C:\Windows\AppPatch\AppPatch64\AcGenral.DLL
0x00007ffe54450000 - 0x00007ffe544fa000 	C:\Windows\system32\msvcrt.dll
0x00007ffe53960000 - 0x00007ffe5398e000 	C:\Windows\system32\SspiCli.dll
0x00007ffe549c0000 - 0x00007ffe54a14000 	C:\Windows\system32\SHLWAPI.dll
0x00007ffe54120000 - 0x00007ffe54297000 	C:\Windows\system32\USER32.dll
0x00007ffe54b40000 - 0x00007ffe54cd4000 	C:\Windows\system32\ole32.dll
0x00007ffe54cf0000 - 0x00007ffe5621a000 	C:\Windows\system32\SHELL32.dll
0x00007ffe52e00000 - 0x00007ffe52e21000 	C:\Windows\SYSTEM32\USERENV.dll
0x00007ffe54a20000 - 0x00007ffe54aca000 	C:\Windows\system32\ADVAPI32.dll
0x00007ffe48d30000 - 0x00007ffe48d4e000 	C:\Windows\SYSTEM32\MPR.dll
0x00007ffe542a0000 - 0x00007ffe543e0000 	C:\Windows\system32\RPCRT4.dll
0x00007ffe540a0000 - 0x00007ffe540f9000 	C:\Windows\SYSTEM32\sechost.dll
0x00007ffe56260000 - 0x00007ffe56471000 	C:\Windows\SYSTEM32\combase.dll
0x00007ffe53f40000 - 0x00007ffe5408f000 	C:\Windows\system32\GDI32.dll
0x00007ffe53830000 - 0x00007ffe53845000 	C:\Windows\SYSTEM32\profapi.dll
0x00007ffe52120000 - 0x00007ffe521d2000 	C:\Windows\SYSTEM32\SHCORE.dll
0x00007ffe56220000 - 0x00007ffe56256000 	C:\Windows\system32\IMM32.DLL
0x00007ffe54860000 - 0x00007ffe549b2000 	C:\Windows\system32\MSCTF.dll
0x00007ffe51ad0000 - 0x00007ffe51d4b000 	C:\Windows\WinSxS\amd64_microsoft.windows.common-controls_6595b64144ccf1df_6.0.9600.18006_none_623f33d3ecbe86e8\COMCTL32.dll
0x0000000063fd0000 - 0x00000000640a2000 	C:\Program Files\Java\jdk1.8.0_91\jre\bin\msvcr100.dll
0x0000000062560000 - 0x0000000062df3000 	C:\Program Files\Java\jdk1.8.0_91\jre\bin\server\jvm.dll
0x00007ffe4d130000 - 0x00007ffe4d139000 	C:\Windows\SYSTEM32\WSOCK32.dll
0x00007ffe4dc60000 - 0x00007ffe4dc82000 	C:\Windows\SYSTEM32\WINMM.dll
0x00007ffe4cb30000 - 0x00007ffe4cb3a000 	C:\Windows\SYSTEM32\VERSION.dll
0x00007ffe54ce0000 - 0x00007ffe54ce7000 	C:\Windows\system32\PSAPI.DLL
0x00007ffe54ae0000 - 0x00007ffe54b3a000 	C:\Windows\system32\WS2_32.dll
0x00007ffe4d7a0000 - 0x00007ffe4d7ca000 	C:\Windows\SYSTEM32\WINMMBASE.dll
0x00007ffe53f30000 - 0x00007ffe53f39000 	C:\Windows\system32\NSI.dll
0x00007ffe53d40000 - 0x00007ffe53d8f000 	C:\Windows\SYSTEM32\cfgmgr32.dll
0x00007ffe52660000 - 0x00007ffe52688000 	C:\Windows\SYSTEM32\DEVOBJ.dll
0x0000000062550000 - 0x000000006255f000 	C:\Program Files\Java\jdk1.8.0_91\jre\bin\verify.dll
0x0000000062520000 - 0x0000000062549000 	C:\Program Files\Java\jdk1.8.0_91\jre\bin\java.dll
0x0000000062500000 - 0x0000000062516000 	C:\Program Files\Java\jdk1.8.0_91\jre\bin\zip.dll

VM Arguments:
jvm_args: -Djava.awt.headless=true -Xmx4g -Dfile.encoding=windows-1252 -Duser.country=US -Duser.language=en -Duser.variant 
java_command: com.android.dx.command.Main --dex --force-jumbo --num-threads=4 --multi-dex --output C:\Users\aparamasi\Documents\training\Cab-Track\app\build\intermediates\transforms\dex\debug\folders\1000\10\com.google.android.gms-play-services-games-9.2.0_cacc95ef77a23ae45f5c665d2767054ca416b83d C:\Users\aparamasi\Documents\training\Cab-Track\app\build\intermediates\exploded-aar\com.google.android.gms\play-services-games\9.2.0\jars\classes.jar
java_class_path (initial): C:\Users\aparamasi\AppData\Local\Android\sdk\build-tools\24.0.0\lib\dx.jar
Launcher Type: SUN_STANDARD

Environment Variables:
PATH=C:\ProgramData\Oracle\Java\javapath;C:\Python27;C:\Program Files (x86)\Intel\iCLS Client\;C:\Program Files\Intel\iCLS Client\;C:\Windows\system32;C:\Windows;C:\Windows\System32\Wbem;C:\Windows\System32\WindowsPowerShell\v1.0\;C:\Program Files\Intel\Intel(R) Management Engine Components\DAL;C:\Program Files (x86)\Intel\Intel(R) Management Engine Components\DAL;C:\Program Files\Intel\Intel(R) Management Engine Components\IPT;C:\Program Files (x86)\Intel\Intel(R) Management Engine Components\IPT;C:\Program Files\Intel\WiFi\bin\;C:\Program Files\Common Files\Intel\WirelessCommon\;C:\Program Files\Microsoft SQL Server\130\Tools\Binn\;C:\Program Files\Microsoft SQL Server\Client SDK\ODBC\130\Tools\Binn\;C:\Program Files (x86)\Microsoft SQL Server\130\Tools\Binn\;C:\Program Files\Microsoft SQL Server\130\DTS\Binn\;C:\Program Files\Microsoft SQL Server\120\Tools\Binn\;C:\Program Files\Microsoft SQL Server\Client SDK\ODBC\110\Tools\Binn\;C:\Program Files (x86)\Microsoft SQL Server\120\Tools\Binn\;C:\Program Files\Microsoft SQL Server\120\DTS\Binn\;C:\Program Files (x86)\Microsoft SQL Server\120\Tools\Binn\ManagementStudio\;C:\Program Files (x86)\Microsoft SQL Server\120\DTS\Binn\;C:\Program Files\nodejs\;C:\Program Files\SourceGear\Common\DiffMerge\;C:\Program Files\Git\cmd;C:\Python27;C:\Users\aparamasi\AppData\Roaming\npm;C:\Users\aparamasi\AppData\Local\atom\bin
USERNAME=aparamasi
OS=Windows_NT
PROCESSOR_IDENTIFIER=Intel64 Family 6 Model 61 Stepping 4, GenuineIntel



---------------  S Y S T E M  ---------------

OS: Windows 8.1 , 64 bit Build 9600 (6.3.9600.17415)

CPU:total 4 (2 cores per cpu, 2 threads per core) family 6 model 61 stepping 4, cmov, cx8, fxsr, mmx, sse, sse2, sse3, ssse3, sse4.1, sse4.2, popcnt, avx, avx2, aes, clmul, erms, rtm, 3dnowpref, lzcnt, ht, tsc, tscinvbit, bmi1, bmi2, adx

Memory: 4k page, physical 16663004k(2455968k free), swap 19808732k(5372k free)

vm_info: Java HotSpot(TM) 64-Bit Server VM (25.91-b15) for windows-amd64 JRE (1.8.0_91-b15), built on May 20 2016 17:43:15 by "java_re" with MS VC++ 10.0 (VS2010)

time: Tue Oct 18 13:08:03 2016
elapsed time: 8 seconds (0d 0h 0m 8s)

