#
# There is insufficient memory for the Java Runtime Environment to continue.
# Native memory allocation (malloc) failed to allocate 1249936 bytes for Chunk::new
# Possible reasons:
#   The system is out of physical RAM or swap space
#   In 32 bit mode, the process size limit was hit
# Possible solutions:
#   Reduce memory load on the system
#   Increase physical memory or swap space
#   Check if swap backing store is full
#   Use 64 bit Java on a 64 bit OS
#   Decrease Java heap size (-Xmx/-Xms)
#   Decrease number of Java threads
#   Decrease Java thread stack sizes (-Xss)
#   Set larger code cache with -XX:ReservedCodeCacheSize=
# This output file may be truncated or incomplete.
#
#  Out of Memory Error (allocation.cpp:390), pid=9524, tid=9104
#
# JRE version: Java(TM) SE Runtime Environment (8.0_91-b15) (build 1.8.0_91-b15)
# Java VM: Java HotSpot(TM) 64-Bit Server VM (25.91-b15 mixed mode windows-amd64 compressed oops)
# Failed to write core dump. Minidumps are not enabled by default on client versions of Windows
#

---------------  T H R E A D  ---------------

Current thread (0x000000001beed000):  JavaThread "C2 CompilerThread0" daemon [_thread_in_native, id=9104, stack(0x000000001d540000,0x000000001d640000)]

Stack: [0x000000001d540000,0x000000001d640000]
[error occurred during error reporting (printing stack bounds), id 0xc0000005]

Native frames: (J=compiled Java code, j=interpreted, Vv=VM code, C=native code)


Current CompileTask:
C2:  10012 1695   !   4       com.android.dx.cf.code.Ropper::processBlock (1101 bytes)


---------------  P R O C E S S  ---------------

Java Threads: ( => current thread )
  0x000000001d9b9000 JavaThread "pool-2-thread-4" [_thread_in_Java, id=6232, stack(0x000000001e240000,0x000000001e340000)]
  0x000000001d9b8800 JavaThread "pool-2-thread-3" [_thread_blocked, id=11296, stack(0x000000001e140000,0x000000001e240000)]
  0x000000001d9ac000 JavaThread "pool-2-thread-2" [_thread_blocked, id=14180, stack(0x000000001e040000,0x000000001e140000)]
  0x000000001d9ab800 JavaThread "pool-3-thread-1" [_thread_blocked, id=14736, stack(0x000000001df40000,0x000000001e040000)]
  0x000000001d9a6000 JavaThread "pool-2-thread-1" [_thread_blocked, id=11920, stack(0x000000001de40000,0x000000001df40000)]
  0x000000001d746000 JavaThread "Service Thread" daemon [_thread_blocked, id=14844, stack(0x000000001dc40000,0x000000001dd40000)]
  0x000000001d740800 JavaThread "C1 CompilerThread2" daemon [_thread_blocked, id=11452, stack(0x000000001db40000,0x000000001dc40000)]
  0x000000001bf47000 JavaThread "C2 CompilerThread1" daemon [_thread_in_native, id=8068, stack(0x000000001d640000,0x000000001d740000)]
=>0x000000001beed000 JavaThread "C2 CompilerThread0" daemon [_thread_in_native, id=9104, stack(0x000000001d540000,0x000000001d640000)]
  0x000000001beeb800 JavaThread "Attach Listener" daemon [_thread_blocked, id=12344, stack(0x000000001d440000,0x000000001d540000)]
  0x000000001beea800 JavaThread "Signal Dispatcher" daemon [_thread_blocked, id=10892, stack(0x000000001d340000,0x000000001d440000)]
  0x000000001beda800 JavaThread "Finalizer" daemon [_thread_blocked, id=13380, stack(0x000000001d160000,0x000000001d260000)]
  0x0000000002810000 JavaThread "Reference Handler" daemon [_thread_blocked, id=8796, stack(0x000000001d060000,0x000000001d160000)]
  0x000000000264e000 JavaThread "main" [_thread_blocked, id=13672, stack(0x0000000002530000,0x0000000002630000)]

Other Threads:
  0x000000001beb7000 VMThread [stack: 0x000000001cf60000,0x000000001d060000] [id=15144]
  0x000000001d759000 WatcherThread [stack: 0x000000001dd40000,0x000000001de40000] [id=11096]

VM state:synchronizing (normal execution)

VM Mutex/Monitor currently owned by a thread:  ([mutex/lock_event])
[0x000000000264d460] Safepoint_lock - owner thread: 0x000000001beb7000
[0x000000000264c860] Threads_lock - owner thread: 0x000000001beb7000

Heap:
 PSYoungGen      total 76288K, used 46476K [0x000000076ab00000, 0x0000000770000000, 0x00000007c0000000)
  eden space 65536K, 55% used [0x000000076ab00000,0x000000076ce67a10,0x000000076eb00000)
  from space 10752K, 95% used [0x000000076eb00000,0x000000076f4fb6b0,0x000000076f580000)
  to   space 10752K, 0% used [0x000000076f580000,0x000000076f580000,0x0000000770000000)
 ParOldGen       total 175104K, used 16K [0x00000006c0000000, 0x00000006cab00000, 0x000000076ab00000)
  object space 175104K, 0% used [0x00000006c0000000,0x00000006c0004000,0x00000006cab00000)
 Metaspace       used 6314K, capacity 7154K, committed 7296K, reserved 1056768K
  class space    used 603K, capacity 618K, committed 640K, reserved 1048576K

Card table byte_map: [0x0000000011be0000,0x00000000123f0000] byte_map_base: 0x000000000e5e0000

Marking Bits: (ParMarkBitMap*) 0x0000000064022f70
 Begin Bits: [0x0000000012d50000, 0x0000000016d50000)
 End Bits:   [0x0000000016d50000, 0x000000001ad50000)

Polling page: 0x0000000000be0000

CodeCache: size=245760Kb used=7693Kb max_used=7693Kb free=238066Kb
 bounds [0x0000000002820000, 0x0000000002fb0000, 0x0000000011820000]
 total_blobs=2070 nmethods=1800 adapters=182
 compilation: enabled

Compilation events (10 events):
Event: 9.896 Thread 0x000000001d740800 1803       3       java.util.concurrent.atomic.AtomicInteger::getAndDecrement (12 bytes)
Event: 9.897 Thread 0x000000001d740800 nmethod 1803 0x0000000002fa83d0 code [0x0000000002fa8520, 0x0000000002fa8670]
Event: 9.897 Thread 0x000000001d740800 1804   !   3       java.util.concurrent.ArrayBlockingQueue::offer (55 bytes)
Event: 9.898 Thread 0x000000001d740800 nmethod 1804 0x0000000002fa86d0 code [0x0000000002fa88c0, 0x0000000002fa92b8]
Event: 9.898 Thread 0x000000001d740800 1805       3       java.util.concurrent.ArrayBlockingQueue::checkNotNull (13 bytes)
Event: 9.898 Thread 0x000000001d740800 nmethod 1805 0x0000000002fa9710 code [0x0000000002fa9880, 0x0000000002fa9aa8]
Event: 9.898 Thread 0x000000001d740800 1806       3       java.util.concurrent.locks.ReentrantLock$FairSync::lock (6 bytes)
Event: 9.898 Thread 0x000000001d740800 nmethod 1806 0x0000000002fa9b90 code [0x0000000002fa9d40, 0x0000000002faa238]
Event: 9.900 Thread 0x000000001d740800 1807   !   3       com.android.dx.cf.direct.DirectClassFile::parse (75 bytes)
Event: 9.901 Thread 0x000000001d740800 nmethod 1807 0x0000000002faa3d0 code [0x0000000002faa640, 0x0000000002fab658]

GC Heap History (2 events):
Event: 8.856 GC heap before
{Heap before GC invocations=1 (full 0):
 PSYoungGen      total 76288K, used 65536K [0x000000076ab00000, 0x0000000770000000, 0x00000007c0000000)
  eden space 65536K, 100% used [0x000000076ab00000,0x000000076eb00000,0x000000076eb00000)
  from space 10752K, 0% used [0x000000076f580000,0x000000076f580000,0x0000000770000000)
  to   space 10752K, 0% used [0x000000076eb00000,0x000000076eb00000,0x000000076f580000)
 ParOldGen       total 175104K, used 0K [0x00000006c0000000, 0x00000006cab00000, 0x000000076ab00000)
  object space 175104K, 0% used [0x00000006c0000000,0x00000006c0000000,0x00000006cab00000)
 Metaspace       used 6207K, capacity 7090K, committed 7296K, reserved 1056768K
  class space    used 602K, capacity 618K, committed 640K, reserved 1048576K
Event: 9.001 GC heap after
Heap after GC invocations=1 (full 0):
 PSYoungGen      total 76288K, used 10221K [0x000000076ab00000, 0x0000000770000000, 0x00000007c0000000)
  eden space 65536K, 0% used [0x000000076ab00000,0x000000076ab00000,0x000000076eb00000)
  from space 10752K, 95% used [0x000000076eb00000,0x000000076f4fb6b0,0x000000076f580000)
  to   space 10752K, 0% used [0x000000076f580000,0x000000076f580000,0x0000000770000000)
 ParOldGen       total 175104K, used 16K [0x00000006c0000000, 0x00000006cab00000, 0x000000076ab00000)
  object space 175104K, 0% used [0x00000006c0000000,0x00000006c0004000,0x00000006cab00000)
 Metaspace       used 6207K, capacity 7090K, committed 7296K, reserved 1056768K
  class space    used 602K, capacity 618K, committed 640K, reserved 1048576K
}

Deoptimization events (10 events):
Event: 9.006 Thread 0x000000001d9b8800 Uncommon trap: reason=bimorphic action=maybe_recompile pc=0x0000000002e8bca0 method=com.android.dx.cf.code.RopperMachine.run(Lcom/android/dx/cf/code/Frame;II)V @ 978
Event: 9.342 Thread 0x000000001d9ac000 Uncommon trap: reason=bimorphic action=maybe_recompile pc=0x0000000002decd14 method=com.android.dx.ssa.SCCP.simulatePhi(Lcom/android/dx/ssa/PhiInsn;)V @ 124
Event: 9.393 Thread 0x000000001d9a6000 Uncommon trap: reason=null_assert action=make_not_entrant pc=0x0000000002e8ae78 method=com.android.dx.cf.code.RopperMachine.run(Lcom/android/dx/cf/code/Frame;II)V @ 1112
Event: 9.398 Thread 0x000000000264e000 Uncommon trap: reason=unstable_if action=reinterpret pc=0x0000000002d774e8 method=com.android.dx.rop.cst.StdConstantPool.set(ILcom/android/dx/rop/cst/Constant;)V @ 12
Event: 9.398 Thread 0x000000000264e000 Uncommon trap: reason=unstable_if action=reinterpret pc=0x0000000002d52a88 method=com.android.dx.rop.cst.StdConstantPool.set(ILcom/android/dx/rop/cst/Constant;)V @ 12
Event: 9.424 Thread 0x000000001d9b8800 Uncommon trap: reason=bimorphic action=maybe_recompile pc=0x0000000002dddb94 method=com.android.dx.rop.code.RegisterSpec.withSimpleType()Lcom/android/dx/rop/code/RegisterSpec; @ 21
Event: 9.485 Thread 0x000000001d9a6000 Uncommon trap: reason=unstable_if action=reinterpret pc=0x0000000002f0c468 method=java.util.ArrayList.<init>(I)V @ 5
Event: 9.485 Thread 0x000000001d9a6000 Uncommon trap: reason=unstable_if action=reinterpret pc=0x0000000002bc2e70 method=com.android.dx.rop.code.RegisterSpecSet.<init>(I)V @ 2
Event: 9.811 Thread 0x000000001d9b9000 Uncommon trap: reason=unloaded action=reinterpret pc=0x0000000002d927ac method=com.android.dx.ssa.LiteralOpUpgrader$1.visitNonMoveInsn(Lcom/android/dx/ssa/NormalSsaInsn;)V @ 72
Event: 9.812 Thread 0x000000001d9b9000 Uncommon trap: reason=unstable_if action=reinterpret pc=0x0000000002bf185c method=com.android.dx.ssa.SsaMethod.updateOneDefinition(Lcom/android/dx/ssa/SsaInsn;Lcom/android/dx/rop/code/RegisterSpec;)V @ 4

Internal exceptions (3 events):
Event: 0.198 Thread 0x000000000264e000 Exception <a 'java/lang/NoSuchMethodError': Method sun.misc.Unsafe.defineClass(Ljava/lang/String;[BII)Ljava/lang/Class; name or signature does not match> (0x000000076ab07cc0) thrown at [C:\re\workspace\8-2-build-windows-amd64-cygwin\jdk8u91\7017\hotspot\sr'ÜdÉ?
Event: 0.198 Thread 0x000000000264e000 Exception <a 'java/lang/NoSuchMethodError': Method sun.misc.Unsafe.prefetchRead(Ljava/lang/Object;J)V name or signature does not match> (0x000000076ab07fa8) thrown at [C:\re\workspace\8-2-build-windows-amd64-cygwin\jdk8u91\7017\hotspot\src\share\vm\prims\j¡g×mî@
Event: 4.233 Thread 0x000000001d9ac000 Implicit null exception at 0x0000000002b4e074 to 0x0000000002b4f971

Events (10 events):
Event: 9.485 Thread 0x000000001d9a6000 DEOPT PACKING pc=0x0000000002bc2e70 sp=0x000000001df3ec30
Event: 9.485 Thread 0x000000001d9a6000 DEOPT UNPACKING pc=0x000000000286582a sp=0x000000001df3eb60 mode 2
Event: 9.811 Thread 0x000000001d9b9000 Uncommon trap: trap_request=0x0000004e fr.pc=0x0000000002d927ac
Event: 9.811 loading class com/android/dx/rop/code/RegOps
Event: 9.811 loading class com/android/dx/rop/code/RegOps done
Event: 9.812 Thread 0x000000001d9b9000 DEOPT PACKING pc=0x0000000002d927ac sp=0x000000001e33ea40
Event: 9.812 Thread 0x000000001d9b9000 DEOPT UNPACKING pc=0x000000000286582a sp=0x000000001e33ea08 mode 2
Event: 9.812 Thread 0x000000001d9b9000 Uncommon trap: trap_request=0xffffff65 fr.pc=0x0000000002bf185c
Event: 9.812 Thread 0x000000001d9b9000 DEOPT PACKING pc=0x0000000002bf185c sp=0x000000001e33e880
Event: 9.812 Thread 0x000000001d9b9000 DEOPT UNPACKING pc=0x000000000286582a sp=0x000000001e33e828 mode 2


Dynamic libraries:
0x00007ff7d8e70000 - 0x00007ff7d8ea7000 	C:\Program Files\Java\jdk1.8.0_91\bin\java.exe
0x00007ffe56700000 - 0x00007ffe568ad000 	C:\Windows\SYSTEM32\ntdll.dll
0x00007ffe53d90000 - 0x00007ffe53ece000 	C:\Windows\system32\KERNEL32.DLL
0x00007ffe53a40000 - 0x00007ffe53b55000 	C:\Windows\system32\KERNELBASE.dll
0x00007ffe51a40000 - 0x00007ffe51ace000 	C:\Windows\system32\apphelp.dll
0x00007ffe1d6d0000 - 0x00007ffe1d723000 	C:\Windows\AppPatch\AppPatch64\AcGenral.DLL
0x00007ffe54450000 - 0x00007ffe544fa000 	C:\Windows\system32\msvcrt.dll
0x00007ffe53960000 - 0x00007ffe5398e000 	C:\Windows\system32\SspiCli.dll
0x00007ffe549c0000 - 0x00007ffe54a14000 	C:\Windows\system32\SHLWAPI.dll
0x00007ffe54120000 - 0x00007ffe54297000 	C:\Windows\system32\USER32.dll
0x00007ffe54b40000 - 0x00007ffe54cd4000 	C:\Windows\system32\ole32.dll
0x00007ffe54cf0000 - 0x00007ffe5621a000 	C:\Windows\system32\SHELL32.dll
0x00007ffe52e00000 - 0x00007ffe52e21000 	C:\Windows\SYSTEM32\USERENV.dll
0x00007ffe54a20000 - 0x00007ffe54aca000 	C:\Windows\system32\ADVAPI32.dll
0x00007ffe48d30000 - 0x00007ffe48d4e000 	C:\Windows\SYSTEM32\MPR.dll
0x00007ffe542a0000 - 0x00007ffe543e0000 	C:\Windows\system32\RPCRT4.dll
0x00007ffe540a0000 - 0x00007ffe540f9000 	C:\Windows\SYSTEM32\sechost.dll
0x00007ffe56260000 - 0x00007ffe56471000 	C:\Windows\SYSTEM32\combase.dll
0x00007ffe53f40000 - 0x00007ffe5408f000 	C:\Windows\system32\GDI32.dll
0x00007ffe53830000 - 0x00007ffe53845000 	C:\Windows\SYSTEM32\profapi.dll
0x00007ffe52120000 - 0x00007ffe521d2000 	C:\Windows\SYSTEM32\SHCORE.dll
0x00007ffe56220000 - 0x00007ffe56256000 	C:\Windows\system32\IMM32.DLL
0x00007ffe54860000 - 0x00007ffe549b2000 	C:\Windows\system32\MSCTF.dll
0x00007ffe51ad0000 - 0x00007ffe51d4b000 	C:\Windows\WinSxS\amd64_microsoft.windows.common-controls_6595b64144ccf1df_6.0.9600.18006_none_623f33d3ecbe86e8\COMCTL32.dll
0x0000000063350000 - 0x0000000063422000 	C:\Program Files\Java\jdk1.8.0_91\jre\bin\msvcr100.dll
0x0000000063810000 - 0x00000000640a3000 	C:\Program Files\Java\jdk1.8.0_91\jre\bin\server\jvm.dll
0x00007ffe4d130000 - 0x00007ffe4d139000 	C:\Windows\SYSTEM32\WSOCK32.dll
0x00007ffe4dc60000 - 0x00007ffe4dc82000 	C:\Windows\SYSTEM32\WINMM.dll
0x00007ffe4cb30000 - 0x00007ffe4cb3a000 	C:\Windows\SYSTEM32\VERSION.dll
0x00007ffe54ce0000 - 0x00007ffe54ce7000 	C:\Windows\system32\PSAPI.DLL
0x00007ffe54ae0000 - 0x00007ffe54b3a000 	C:\Windows\system32\WS2_32.dll
0x00007ffe4d7a0000 - 0x00007ffe4d7ca000 	C:\Windows\SYSTEM32\WINMMBASE.dll
0x00007ffe53f30000 - 0x00007ffe53f39000 	C:\Windows\system32\NSI.dll
0x00007ffe53d40000 - 0x00007ffe53d8f000 	C:\Windows\SYSTEM32\cfgmgr32.dll
0x00007ffe52660000 - 0x00007ffe52688000 	C:\Windows\SYSTEM32\DEVOBJ.dll
0x0000000063800000 - 0x000000006380f000 	C:\Program Files\Java\jdk1.8.0_91\jre\bin\verify.dll
0x00000000637d0000 - 0x00000000637f9000 	C:\Program Files\Java\jdk1.8.0_91\jre\bin\java.dll
0x00000000637b0000 - 0x00000000637c6000 	C:\Program Files\Java\jdk1.8.0_91\jre\bin\zip.dll

VM Arguments:
jvm_args: -Djava.awt.headless=true -Xmx4g -Dfile.encoding=windows-1252 -Duser.country=US -Duser.language=en -Duser.variant 
java_command: com.android.dx.command.Main --dex --force-jumbo --num-threads=4 --multi-dex --output C:\Users\aparamasi\Documents\training\Cab-Track\app\build\intermediates\transforms\dex\debug\folders\1000\10\internal_impl-24.0.0_d73687a901060a2ce1fe32422545480b2be53b4e C:\Users\aparamasi\Documents\training\Cab-Track\app\build\intermediates\exploded-aar\com.android.support\support-v4\24.0.0\jars\libs\internal_impl-24.0.0.jar
java_class_path (initial): C:\Users\aparamasi\AppData\Local\Android\sdk\build-tools\24.0.0\lib\dx.jar
Launcher Type: SUN_STANDARD

Environment Variables:
PATH=C:\ProgramData\Oracle\Java\javapath;C:\Python27;C:\Program Files (x86)\Intel\iCLS Client\;C:\Program Files\Intel\iCLS Client\;C:\Windows\system32;C:\Windows;C:\Windows\System32\Wbem;C:\Windows\System32\WindowsPowerShell\v1.0\;C:\Program Files\Intel\Intel(R) Management Engine Components\DAL;C:\Program Files (x86)\Intel\Intel(R) Management Engine Components\DAL;C:\Program Files\Intel\Intel(R) Management Engine Components\IPT;C:\Program Files (x86)\Intel\Intel(R) Management Engine Components\IPT;C:\Program Files\Intel\WiFi\bin\;C:\Program Files\Common Files\Intel\WirelessCommon\;C:\Program Files\Microsoft SQL Server\130\Tools\Binn\;C:\Program Files\Microsoft SQL Server\Client SDK\ODBC\130\Tools\Binn\;C:\Program Files (x86)\Microsoft SQL Server\130\Tools\Binn\;C:\Program Files\Microsoft SQL Server\130\DTS\Binn\;C:\Program Files\Microsoft SQL Server\120\Tools\Binn\;C:\Program Files\Microsoft SQL Server\Client SDK\ODBC\110\Tools\Binn\;C:\Program Files (x86)\Microsoft SQL Server\120\Tools\Binn\;C:\Program Files\Microsoft SQL Server\120\DTS\Binn\;C:\Program Files (x86)\Microsoft SQL Server\120\Tools\Binn\ManagementStudio\;C:\Program Files (x86)\Microsoft SQL Server\120\DTS\Binn\;C:\Program Files\nodejs\;C:\Program Files\SourceGear\Common\DiffMerge\;C:\Program Files\Git\cmd;C:\Python27;C:\Users\aparamasi\AppData\Roaming\npm;C:\Users\aparamasi\AppData\Local\atom\bin
USERNAME=aparamasi
OS=Windows_NT
PROCESSOR_IDENTIFIER=Intel64 Family 6 Model 61 Stepping 4, GenuineIntel



---------------  S Y S T E M  ---------------

OS: Windows 8.1 , 64 bit Build 9600 (6.3.9600.17415)

CPU:total 4 (2 cores per cpu, 2 threads per core) family 6 model 61 stepping 4, cmov, cx8, fxsr, mmx, sse, sse2, sse3, ssse3, sse4.1, sse4.2, popcnt, avx, avx2, aes, clmul, erms, rtm, 3dnowpref, lzcnt, ht, tsc, tscinvbit, bmi1, bmi2, adx

Memory: 4k page, physical 16663004k(2152564k free), swap 19808732k(6052k free)

vm_info: Java HotSpot(TM) 64-Bit Server VM (25.91-b15) for windows-amd64 JRE (1.8.0_91-b15), built on May 20 2016 17:43:15 by "java_re" with MS VC++ 10.0 (VS2010)

time: Sun Oct 30 20:34:08 2016
elapsed time: 10 seconds (0d 0h 0m 10s)

