#
# There is insufficient memory for the Java Runtime Environment to continue.
# Native memory allocation (malloc) failed to allocate 875856 bytes for Chunk::new
# Possible reasons:
#   The system is out of physical RAM or swap space
#   In 32 bit mode, the process size limit was hit
# Possible solutions:
#   Reduce memory load on the system
#   Increase physical memory or swap space
#   Check if swap backing store is full
#   Use 64 bit Java on a 64 bit OS
#   Decrease Java heap size (-Xmx/-Xms)
#   Decrease number of Java threads
#   Decrease Java thread stack sizes (-Xss)
#   Set larger code cache with -XX:ReservedCodeCacheSize=
# This output file may be truncated or incomplete.
#
#  Out of Memory Error (allocation.cpp:390), pid=7740, tid=6892
#
# JRE version: Java(TM) SE Runtime Environment (8.0_91-b15) (build 1.8.0_91-b15)
# Java VM: Java HotSpot(TM) 64-Bit Server VM (25.91-b15 mixed mode windows-amd64 compressed oops)
# Failed to write core dump. Minidumps are not enabled by default on client versions of Windows
#

---------------  T H R E A D  ---------------

Current thread (0x000000001be5d000):  JavaThread "C2 CompilerThread0" daemon [_thread_in_native, id=6892, stack(0x000000001d4c0000,0x000000001d5c0000)]

Stack: [0x000000001d4c0000,0x000000001d5c0000]
[error occurred during error reporting (printing stack bounds), id 0xc0000005]

Native frames: (J=compiled Java code, j=interpreted, Vv=VM code, C=native code)


Current CompileTask:
C2:  20174 2237       4       com.android.dx.ssa.SsaConverter::placePhiFunctions (394 bytes)


---------------  P R O C E S S  ---------------

Java Threads: ( => current thread )
  0x000000001d9ac000 JavaThread "pool-2-thread-4" [_thread_in_Java, id=12576, stack(0x000000001e1c0000,0x000000001e2c0000)]
  0x000000001d9a7000 JavaThread "pool-2-thread-3" [_thread_in_Java, id=10324, stack(0x000000001e0c0000,0x000000001e1c0000)]
  0x000000001d99c800 JavaThread "pool-2-thread-2" [_thread_in_Java, id=7664, stack(0x000000001dfc0000,0x000000001e0c0000)]
  0x000000001d999800 JavaThread "pool-3-thread-1" [_thread_blocked, id=6820, stack(0x000000001dec0000,0x000000001dfc0000)]
  0x000000001d996800 JavaThread "pool-2-thread-1" [_thread_in_Java, id=14784, stack(0x000000001ddc0000,0x000000001dec0000)]
  0x000000001d6c6000 JavaThread "Service Thread" daemon [_thread_blocked, id=12784, stack(0x000000001dbc0000,0x000000001dcc0000)]
  0x000000001d6c0800 JavaThread "C1 CompilerThread2" daemon [_thread_blocked, id=11360, stack(0x000000001dac0000,0x000000001dbc0000)]
  0x000000001beaf000 JavaThread "C2 CompilerThread1" daemon [_thread_in_native, id=14512, stack(0x000000001d5c0000,0x000000001d6c0000)]
=>0x000000001be5d000 JavaThread "C2 CompilerThread0" daemon [_thread_in_native, id=6892, stack(0x000000001d4c0000,0x000000001d5c0000)]
  0x000000001be5b800 JavaThread "Attach Listener" daemon [_thread_blocked, id=12928, stack(0x000000001d3c0000,0x000000001d4c0000)]
  0x000000001be5a800 JavaThread "Signal Dispatcher" daemon [_thread_blocked, id=5996, stack(0x000000001d2c0000,0x000000001d3c0000)]
  0x000000001be4a800 JavaThread "Finalizer" daemon [_thread_blocked, id=12780, stack(0x000000001d0e0000,0x000000001d1e0000)]
  0x0000000002780000 JavaThread "Reference Handler" daemon [_thread_blocked, id=14444, stack(0x000000001cfe0000,0x000000001d0e0000)]
  0x00000000024ce000 JavaThread "main" [_thread_in_Java, id=15108, stack(0x0000000002590000,0x0000000002690000)]

Other Threads:
  0x000000001be27000 VMThread [stack: 0x000000001cee0000,0x000000001cfe0000] [id=15320]
  0x000000001d6da800 WatcherThread [stack: 0x000000001dcc0000,0x000000001ddc0000] [id=14856]

VM state:not at safepoint (normal execution)

VM Mutex/Monitor currently owned by a thread: None

Heap:
 PSYoungGen      total 272896K, used 43777K [0x000000076ab00000, 0x0000000793600000, 0x00000007c0000000)
  eden space 262144K, 16% used [0x000000076ab00000,0x000000076d5c07d0,0x000000077ab00000)
  from space 10752K, 0% used [0x000000077ab00000,0x000000077ab00000,0x000000077b580000)
  to   space 116224K, 0% used [0x000000078c480000,0x000000078c480000,0x0000000793600000)
 ParOldGen       total 291840K, used 202287K [0x00000006c0000000, 0x00000006d1d00000, 0x000000076ab00000)
  object space 291840K, 69% used [0x00000006c0000000,0x00000006cc58bde8,0x00000006d1d00000)
 Metaspace       used 6496K, capacity 7192K, committed 7424K, reserved 1056768K
  class space    used 623K, capacity 656K, committed 768K, reserved 1048576K

Card table byte_map: [0x0000000011b50000,0x0000000012360000] byte_map_base: 0x000000000e550000

Marking Bits: (ParMarkBitMap*) 0x0000000062d72f70
 Begin Bits: [0x0000000012cc0000, 0x0000000016cc0000)
 End Bits:   [0x0000000016cc0000, 0x000000001acc0000)

Polling page: 0x0000000000c50000

CodeCache: size=245760Kb used=10351Kb max_used=10351Kb free=235408Kb
 bounds [0x0000000002790000, 0x00000000031c0000, 0x0000000011790000]
 total_blobs=2377 nmethods=2108 adapters=181
 compilation: enabled

Compilation events (10 events):
Event: 15.726 Thread 0x000000001d6c0800 2235       3       com.android.dx.command.dexer.Main$FileBytesConsumer::processFileBytes (8 bytes)
Event: 15.726 Thread 0x000000001d6c0800 nmethod 2235 0x00000000031aa850 code [0x00000000031aa9c0, 0x00000000031aaba8]
Event: 15.764 Thread 0x000000001be5d000 nmethod 2208% 0x00000000031af8d0 code [0x00000000031afb60, 0x00000000031b1a50]
Event: 15.764 Thread 0x000000001be5d000 2237       4       com.android.dx.ssa.SsaConverter::placePhiFunctions (394 bytes)
Event: 19.822 Thread 0x000000001d6c0800 2241       2       java.util.Collections::swap (25 bytes)
Event: 19.822 Thread 0x000000001d6c0800 nmethod 2241 0x00000000031af490 code [0x00000000031af600, 0x00000000031af7c8]
Event: 19.823 Thread 0x000000001d6c0800 2242       2       com.android.dx.ssa.SsaBasicBlock::scheduleUseBeforeAssigned (389 bytes)
Event: 19.825 Thread 0x000000001d6c0800 nmethod 2242 0x00000000031ab9d0 code [0x00000000031abe40, 0x00000000031ad3e8]
Event: 19.877 Thread 0x000000001d6c0800 2245 %     2       com.android.dx.ssa.back.FirstFitLocalCombiningAllocator::handleNormalUnassociated @ 60 (99 bytes)
Event: 19.878 Thread 0x000000001d6c0800 nmethod 2245% 0x00000000031b43d0 code [0x00000000031b4600, 0x00000000031b4d58]

GC Heap History (10 events):
Event: 12.054 GC heap before
{Heap before GC invocations=3 (full 0):
 PSYoungGen      total 141824K, used 141794K [0x000000076ab00000, 0x0000000774000000, 0x00000007c0000000)
  eden space 131072K, 100% used [0x000000076ab00000,0x0000000772b00000,0x0000000772b00000)
  from space 10752K, 99% used [0x0000000773580000,0x0000000773ff89a8,0x0000000774000000)
  to   space 10752K, 0% used [0x0000000772b00000,0x0000000772b00000,0x0000000773580000)
 ParOldGen       total 175104K, used 5928K [0x00000006c0000000, 0x00000006cab00000, 0x000000076ab00000)
  object space 175104K, 3% used [0x00000006c0000000,0x00000006c05ca1e8,0x00000006cab00000)
 Metaspace       used 6453K, capacity 7192K, committed 7424K, reserved 1056768K
  class space    used 622K, capacity 656K, committed 768K, reserved 1048576K
Event: 12.261 GC heap after
Heap after GC invocations=3 (full 0):
 PSYoungGen      total 141824K, used 10730K [0x000000076ab00000, 0x000000077c000000, 0x00000007c0000000)
  eden space 131072K, 0% used [0x000000076ab00000,0x000000076ab00000,0x0000000772b00000)
  from space 10752K, 99% used [0x0000000772b00000,0x000000077357a8b0,0x0000000773580000)
  to   space 10752K, 0% used [0x000000077b580000,0x000000077b580000,0x000000077c000000)
 ParOldGen       total 175104K, used 42606K [0x00000006c0000000, 0x00000006cab00000, 0x000000076ab00000)
  object space 175104K, 24% used [0x00000006c0000000,0x00000006c299bb08,0x00000006cab00000)
 Metaspace       used 6453K, capacity 7192K, committed 7424K, reserved 1056768K
  class space    used 622K, capacity 656K, committed 768K, reserved 1048576K
}
Event: 12.446 GC heap before
{Heap before GC invocations=4 (full 0):
 PSYoungGen      total 141824K, used 141802K [0x000000076ab00000, 0x000000077c000000, 0x00000007c0000000)
  eden space 131072K, 100% used [0x000000076ab00000,0x0000000772b00000,0x0000000772b00000)
  from space 10752K, 99% used [0x0000000772b00000,0x000000077357a8b0,0x0000000773580000)
  to   space 10752K, 0% used [0x000000077b580000,0x000000077b580000,0x000000077c000000)
 ParOldGen       total 175104K, used 42606K [0x00000006c0000000, 0x00000006cab00000, 0x000000076ab00000)
  object space 175104K, 24% used [0x00000006c0000000,0x00000006c299bb08,0x00000006cab00000)
 Metaspace       used 6464K, capacity 7192K, committed 7424K, reserved 1056768K
  class space    used 623K, capacity 656K, committed 768K, reserved 1048576K
Event: 12.546 GC heap after
Heap after GC invocations=4 (full 0):
 PSYoungGen      total 272896K, used 10749K [0x000000076ab00000, 0x000000077c000000, 0x00000007c0000000)
  eden space 262144K, 0% used [0x000000076ab00000,0x000000076ab00000,0x000000077ab00000)
  from space 10752K, 99% used [0x000000077b580000,0x000000077bfff418,0x000000077c000000)
  to   space 10752K, 0% used [0x000000077ab00000,0x000000077ab00000,0x000000077b580000)
 ParOldGen       total 175104K, used 116505K [0x00000006c0000000, 0x00000006cab00000, 0x000000076ab00000)
  object space 175104K, 66% used [0x00000006c0000000,0x00000006c71c6760,0x00000006cab00000)
 Metaspace       used 6464K, capacity 7192K, committed 7424K, reserved 1056768K
  class space    used 623K, capacity 656K, committed 768K, reserved 1048576K
}
Event: 12.546 GC heap before
{Heap before GC invocations=5 (full 1):
 PSYoungGen      total 272896K, used 10749K [0x000000076ab00000, 0x000000077c000000, 0x00000007c0000000)
  eden space 262144K, 0% used [0x000000076ab00000,0x000000076ab00000,0x000000077ab00000)
  from space 10752K, 99% used [0x000000077b580000,0x000000077bfff418,0x000000077c000000)
  to   space 10752K, 0% used [0x000000077ab00000,0x000000077ab00000,0x000000077b580000)
 ParOldGen       total 175104K, used 116505K [0x00000006c0000000, 0x00000006cab00000, 0x000000076ab00000)
  object space 175104K, 66% used [0x00000006c0000000,0x00000006c71c6760,0x00000006cab00000)
 Metaspace       used 6464K, capacity 7192K, committed 7424K, reserved 1056768K
  class space    used 623K, capacity 656K, committed 768K, reserved 1048576K
Event: 13.732 GC heap after
Heap after GC invocations=5 (full 1):
 PSYoungGen      total 272896K, used 0K [0x000000076ab00000, 0x000000077c000000, 0x00000007c0000000)
  eden space 262144K, 0% used [0x000000076ab00000,0x000000076ab00000,0x000000077ab00000)
  from space 10752K, 0% used [0x000000077b580000,0x000000077b580000,0x000000077c000000)
  to   space 10752K, 0% used [0x000000077ab00000,0x000000077ab00000,0x000000077b580000)
 ParOldGen       total 291840K, used 119509K [0x00000006c0000000, 0x00000006d1d00000, 0x000000076ab00000)
  object space 291840K, 40% used [0x00000006c0000000,0x00000006c74b5728,0x00000006d1d00000)
 Metaspace       used 6464K, capacity 7192K, committed 7424K, reserved 1056768K
  class space    used 623K, capacity 656K, committed 768K, reserved 1048576K
}
Event: 15.796 GC heap before
{Heap before GC invocations=6 (full 1):
 PSYoungGen      total 272896K, used 262144K [0x000000076ab00000, 0x000000077c000000, 0x00000007c0000000)
  eden space 262144K, 100% used [0x000000076ab00000,0x000000077ab00000,0x000000077ab00000)
  from space 10752K, 0% used [0x000000077b580000,0x000000077b580000,0x000000077c000000)
  to   space 10752K, 0% used [0x000000077ab00000,0x000000077ab00000,0x000000077b580000)
 ParOldGen       total 291840K, used 119509K [0x00000006c0000000, 0x00000006d1d00000, 0x000000076ab00000)
  object space 291840K, 40% used [0x00000006c0000000,0x00000006c74b5728,0x00000006d1d00000)
 Metaspace       used 6495K, capacity 7192K, committed 7424K, reserved 1056768K
  class space    used 623K, capacity 656K, committed 768K, reserved 1048576K
Event: 16.765 GC heap after
Heap after GC invocations=6 (full 1):
 PSYoungGen      total 272896K, used 10752K [0x000000076ab00000, 0x0000000793600000, 0x00000007c0000000)
  eden space 262144K, 0% used [0x000000076ab00000,0x000000076ab00000,0x000000077ab00000)
  from space 10752K, 100% used [0x000000077ab00000,0x000000077b580000,0x000000077b580000)
  to   space 116224K, 0% used [0x000000078c480000,0x000000078c480000,0x0000000793600000)
 ParOldGen       total 291840K, used 198456K [0x00000006c0000000, 0x00000006d1d00000, 0x000000076ab00000)
  object space 291840K, 68% used [0x00000006c0000000,0x00000006cc1ce198,0x00000006d1d00000)
 Metaspace       used 6495K, capacity 7192K, committed 7424K, reserved 1056768K
  class space    used 623K, capacity 656K, committed 768K, reserved 1048576K
}
Event: 16.765 GC heap before
{Heap before GC invocations=7 (full 2):
 PSYoungGen      total 272896K, used 10752K [0x000000076ab00000, 0x0000000793600000, 0x00000007c0000000)
  eden space 262144K, 0% used [0x000000076ab00000,0x000000076ab00000,0x000000077ab00000)
  from space 10752K, 100% used [0x000000077ab00000,0x000000077b580000,0x000000077b580000)
  to   space 116224K, 0% used [0x000000078c480000,0x000000078c480000,0x0000000793600000)
 ParOldGen       total 291840K, used 198456K [0x00000006c0000000, 0x00000006d1d00000, 0x000000076ab00000)
  object space 291840K, 68% used [0x00000006c0000000,0x00000006cc1ce198,0x00000006d1d00000)
 Metaspace       used 6495K, capacity 7192K, committed 7424K, reserved 1056768K
  class space    used 623K, capacity 656K, committed 768K, reserved 1048576K
Event: 19.656 GC heap after
Heap after GC invocations=7 (full 2):
 PSYoungGen      total 272896K, used 0K [0x000000076ab00000, 0x0000000793600000, 0x00000007c0000000)
  eden space 262144K, 0% used [0x000000076ab00000,0x000000076ab00000,0x000000077ab00000)
  from space 10752K, 0% used [0x000000077ab00000,0x000000077ab00000,0x000000077b580000)
  to   space 116224K, 0% used [0x000000078c480000,0x000000078c480000,0x0000000793600000)
 ParOldGen       total 291840K, used 202287K [0x00000006c0000000, 0x00000006d1d00000, 0x000000076ab00000)
  object space 291840K, 69% used [0x00000006c0000000,0x00000006cc58bde8,0x00000006d1d00000)
 Metaspace       used 6495K, capacity 7192K, committed 7424K, reserved 1056768K
  class space    used 623K, capacity 656K, committed 768K, reserved 1048576K
}

Deoptimization events (10 events):
Event: 14.551 Thread 0x000000001d99c800 Uncommon trap: reason=class_check action=maybe_recompile pc=0x0000000002ae2e90 method=com.android.dx.ssa.back.InterferenceGraph.add(II)V @ 19
Event: 14.551 Thread 0x000000001d99c800 Uncommon trap: reason=class_check action=maybe_recompile pc=0x0000000002ae2e90 method=com.android.dx.ssa.back.InterferenceGraph.add(II)V @ 19
Event: 14.551 Thread 0x000000001d99c800 Uncommon trap: reason=class_check action=maybe_recompile pc=0x0000000002e228dc method=com.android.dx.ssa.back.InterferenceGraph.add(II)V @ 19
Event: 15.335 Thread 0x000000001d99c800 Uncommon trap: reason=class_check action=maybe_recompile pc=0x0000000002e97410 method=com.android.dx.ssa.back.InterferenceGraph.mergeInterferenceSet(ILcom/android/dx/util/IntSet;)V @ 20
Event: 15.347 Thread 0x000000001d99c800 Uncommon trap: reason=class_check action=maybe_recompile pc=0x0000000002e97410 method=com.android.dx.ssa.back.InterferenceGraph.mergeInterferenceSet(ILcom/android/dx/util/IntSet;)V @ 20
Event: 15.347 Thread 0x000000001d99c800 Uncommon trap: reason=unstable_if action=reinterpret pc=0x000000000316a850 method=com.android.dx.util.BitIntSet.merge(Lcom/android/dx/util/IntSet;)V @ 89
Event: 15.347 Thread 0x000000001d99c800 Uncommon trap: reason=class_check action=maybe_recompile pc=0x0000000002e97410 method=com.android.dx.ssa.back.InterferenceGraph.mergeInterferenceSet(ILcom/android/dx/util/IntSet;)V @ 20
Event: 15.366 Thread 0x000000001d99c800 Uncommon trap: reason=class_check action=maybe_recompile pc=0x0000000002e97410 method=com.android.dx.ssa.back.InterferenceGraph.mergeInterferenceSet(ILcom/android/dx/util/IntSet;)V @ 20
Event: 15.694 Thread 0x00000000024ce000 Uncommon trap: reason=unstable_if action=reinterpret pc=0x00000000030ad448 method=com.android.dx.ssa.Dominators.run()V @ 346
Event: 15.713 Thread 0x00000000024ce000 Uncommon trap: reason=unstable_if action=reinterpret pc=0x000000000305b600 method=com.android.dx.cf.code.Merger.mergeStack(Lcom/android/dx/cf/code/ExecutionStack;Lcom/android/dx/cf/code/ExecutionStack;)Lcom/android/dx/cf/code/ExecutionStack; @ 2

Internal exceptions (6 events):
Event: 0.071 Thread 0x00000000024ce000 Exception <a 'java/lang/NoSuchMethodError': Method sun.misc.Unsafe.defineClass(Ljava/lang/String;[BII)Ljava/lang/Class; name or signature does not match> (0x000000076ab07cc0) thrown at [C:\re\workspace\8-2-build-windows-amd64-cygwin\jdk8u91\7017\hotspot\sr±G¾ç/²?
Event: 0.071 Thread 0x00000000024ce000 Exception <a 'java/lang/NoSuchMethodError': Method sun.misc.Unsafe.prefetchRead(Ljava/lang/Object;J)V name or signature does not match> (0x000000076ab07fa8) thrown at [C:\re\workspace\8-2-build-windows-amd64-cygwin\jdk8u91\7017\hotspot\src\share\vm\prims\jýà*:· @
Event: 8.060 Thread 0x000000001d9a7000 Exception <a 'java/lang/ArrayIndexOutOfBoundsException': 18> (0x000000076c39e128) thrown at [C:\re\workspace\8-2-build-windows-amd64-cygwin\jdk8u91\7017\hotspot\src\share\vm\interpreter\interpreterRuntime.cpp, line 366]
Event: 8.061 Thread 0x000000001d9a7000 Exception <a 'java/lang/ArrayIndexOutOfBoundsException'> (0x000000076c39fca8) thrown at [C:\re\workspace\8-2-build-windows-amd64-cygwin\jdk8u91\7017\hotspot\src\share\vm\runtime\sharedRuntime.cpp, line 605]
Event: 8.061 Thread 0x000000001d9a7000 Exception <a 'java/lang/ArrayIndexOutOfBoundsException'> (0x000000076c3a0f90) thrown at [C:\re\workspace\8-2-build-windows-amd64-cygwin\jdk8u91\7017\hotspot\src\share\vm\runtime\sharedRuntime.cpp, line 605]
Event: 9.912 Thread 0x00000000024ce000 Implicit null exception at 0x0000000002cc5d2c to 0x0000000002cc5d4e

Events (10 events):
Event: 15.791 Executing VM operation: ParallelGCFailedAllocation
Event: 19.656 Executing VM operation: ParallelGCFailedAllocation done
Event: 19.777 Thread 0x000000001d99c800 DEOPT PACKING pc=0x0000000002c3f48b sp=0x000000001e0beb10
Event: 19.777 Thread 0x000000001d99c800 DEOPT UNPACKING pc=0x00000000027d787f sp=0x000000001e0be868 mode 0
Event: 19.829 Thread 0x00000000024ce000 DEOPT PACKING pc=0x0000000003122d85 sp=0x000000000268e1c0
Event: 19.829 Thread 0x00000000024ce000 DEOPT UNPACKING pc=0x00000000027d787f sp=0x000000000268dff0 mode 0
Event: 19.871 Thread 0x000000001d9ac000 DEOPT PACKING pc=0x0000000002c71418 sp=0x000000001e2be6f0
Event: 19.871 Thread 0x000000001d9ac000 DEOPT UNPACKING pc=0x00000000027d787f sp=0x000000001e2be438 mode 0
Event: 19.876 Thread 0x000000001d9ac000 DEOPT PACKING pc=0x0000000002c42ea0 sp=0x000000001e2be6a0
Event: 19.876 Thread 0x000000001d9ac000 DEOPT UNPACKING pc=0x00000000027d787f sp=0x000000001e2be430 mode 0


Dynamic libraries:
0x00007ff691460000 - 0x00007ff691497000 	C:\Program Files\Java\jdk1.8.0_91\bin\java.exe
0x00007ffe56700000 - 0x00007ffe568ad000 	C:\Windows\SYSTEM32\ntdll.dll
0x00007ffe53d90000 - 0x00007ffe53ece000 	C:\Windows\system32\KERNEL32.DLL
0x00007ffe53a40000 - 0x00007ffe53b55000 	C:\Windows\system32\KERNELBASE.dll
0x00007ffe51a40000 - 0x00007ffe51ace000 	C:\Windows\system32\apphelp.dll
0x00007ffe26d10000 - 0x00007ffe26d63000 	C:\Windows\AppPatch\AppPatch64\AcGenral.DLL
0x00007ffe54450000 - 0x00007ffe544fa000 	C:\Windows\system32\msvcrt.dll
0x00007ffe53960000 - 0x00007ffe5398e000 	C:\Windows\system32\SspiCli.dll
0x00007ffe549c0000 - 0x00007ffe54a14000 	C:\Windows\system32\SHLWAPI.dll
0x00007ffe54120000 - 0x00007ffe54297000 	C:\Windows\system32\USER32.dll
0x00007ffe54b40000 - 0x00007ffe54cd4000 	C:\Windows\system32\ole32.dll
0x00007ffe54cf0000 - 0x00007ffe5621a000 	C:\Windows\system32\SHELL32.dll
0x00007ffe52e00000 - 0x00007ffe52e21000 	C:\Windows\SYSTEM32\USERENV.dll
0x00007ffe54a20000 - 0x00007ffe54aca000 	C:\Windows\system32\ADVAPI32.dll
0x00007ffe48d30000 - 0x00007ffe48d4e000 	C:\Windows\SYSTEM32\MPR.dll
0x00007ffe542a0000 - 0x00007ffe543e0000 	C:\Windows\system32\RPCRT4.dll
0x00007ffe540a0000 - 0x00007ffe540f9000 	C:\Windows\SYSTEM32\sechost.dll
0x00007ffe56260000 - 0x00007ffe56471000 	C:\Windows\SYSTEM32\combase.dll
0x00007ffe53f40000 - 0x00007ffe5408f000 	C:\Windows\system32\GDI32.dll
0x00007ffe53830000 - 0x00007ffe53845000 	C:\Windows\SYSTEM32\profapi.dll
0x00007ffe52120000 - 0x00007ffe521d2000 	C:\Windows\SYSTEM32\SHCORE.dll
0x00007ffe56220000 - 0x00007ffe56256000 	C:\Windows\system32\IMM32.DLL
0x00007ffe54860000 - 0x00007ffe549b2000 	C:\Windows\system32\MSCTF.dll
0x00007ffe51ad0000 - 0x00007ffe51d4b000 	C:\Windows\WinSxS\amd64_microsoft.windows.common-controls_6595b64144ccf1df_6.0.9600.18006_none_623f33d3ecbe86e8\COMCTL32.dll
0x0000000063fd0000 - 0x00000000640a2000 	C:\Program Files\Java\jdk1.8.0_91\jre\bin\msvcr100.dll
0x0000000062560000 - 0x0000000062df3000 	C:\Program Files\Java\jdk1.8.0_91\jre\bin\server\jvm.dll
0x00007ffe4d130000 - 0x00007ffe4d139000 	C:\Windows\SYSTEM32\WSOCK32.dll
0x00007ffe4dc60000 - 0x00007ffe4dc82000 	C:\Windows\SYSTEM32\WINMM.dll
0x00007ffe4cb30000 - 0x00007ffe4cb3a000 	C:\Windows\SYSTEM32\VERSION.dll
0x00007ffe54ce0000 - 0x00007ffe54ce7000 	C:\Windows\system32\PSAPI.DLL
0x00007ffe54ae0000 - 0x00007ffe54b3a000 	C:\Windows\system32\WS2_32.dll
0x00007ffe4d7a0000 - 0x00007ffe4d7ca000 	C:\Windows\SYSTEM32\WINMMBASE.dll
0x00007ffe53f30000 - 0x00007ffe53f39000 	C:\Windows\system32\NSI.dll
0x00007ffe53d40000 - 0x00007ffe53d8f000 	C:\Windows\SYSTEM32\cfgmgr32.dll
0x00007ffe52660000 - 0x00007ffe52688000 	C:\Windows\SYSTEM32\DEVOBJ.dll
0x0000000062550000 - 0x000000006255f000 	C:\Program Files\Java\jdk1.8.0_91\jre\bin\verify.dll
0x0000000062520000 - 0x0000000062549000 	C:\Program Files\Java\jdk1.8.0_91\jre\bin\java.dll
0x0000000062500000 - 0x0000000062516000 	C:\Program Files\Java\jdk1.8.0_91\jre\bin\zip.dll

VM Arguments:
jvm_args: -Djava.awt.headless=true -Xmx4g -Dfile.encoding=windows-1252 -Duser.country=US -Duser.language=en -Duser.variant 
java_command: com.android.dx.command.Main --dex --force-jumbo --num-threads=4 --multi-dex --output C:\Users\aparamasi\Documents\training\Cab-Track\app\build\intermediates\transforms\dex\debug\folders\1000\10\com.google.android.gms-play-services-ads-9.2.0_de47d7e0350e5b89390a23c784b8082d0d460e9b C:\Users\aparamasi\Documents\training\Cab-Track\app\build\intermediates\exploded-aar\com.google.android.gms\play-services-ads\9.2.0\jars\classes.jar
java_class_path (initial): C:\Users\aparamasi\AppData\Local\Android\sdk\build-tools\24.0.0\lib\dx.jar
Launcher Type: SUN_STANDARD

Environment Variables:
PATH=C:\ProgramData\Oracle\Java\javapath;C:\Python27;C:\Program Files (x86)\Intel\iCLS Client\;C:\Program Files\Intel\iCLS Client\;C:\Windows\system32;C:\Windows;C:\Windows\System32\Wbem;C:\Windows\System32\WindowsPowerShell\v1.0\;C:\Program Files\Intel\Intel(R) Management Engine Components\DAL;C:\Program Files (x86)\Intel\Intel(R) Management Engine Components\DAL;C:\Program Files\Intel\Intel(R) Management Engine Components\IPT;C:\Program Files (x86)\Intel\Intel(R) Management Engine Components\IPT;C:\Program Files\Intel\WiFi\bin\;C:\Program Files\Common Files\Intel\WirelessCommon\;C:\Program Files\Microsoft SQL Server\130\Tools\Binn\;C:\Program Files\Microsoft SQL Server\Client SDK\ODBC\130\Tools\Binn\;C:\Program Files (x86)\Microsoft SQL Server\130\Tools\Binn\;C:\Program Files\Microsoft SQL Server\130\DTS\Binn\;C:\Program Files\Microsoft SQL Server\120\Tools\Binn\;C:\Program Files\Microsoft SQL Server\Client SDK\ODBC\110\Tools\Binn\;C:\Program Files (x86)\Microsoft SQL Server\120\Tools\Binn\;C:\Program Files\Microsoft SQL Server\120\DTS\Binn\;C:\Program Files (x86)\Microsoft SQL Server\120\Tools\Binn\ManagementStudio\;C:\Program Files (x86)\Microsoft SQL Server\120\DTS\Binn\;C:\Program Files\nodejs\;C:\Program Files\SourceGear\Common\DiffMerge\;C:\Program Files\Git\cmd;C:\Python27;C:\Users\aparamasi\AppData\Roaming\npm;C:\Users\aparamasi\AppData\Local\atom\bin
USERNAME=aparamasi
OS=Windows_NT
PROCESSOR_IDENTIFIER=Intel64 Family 6 Model 61 Stepping 4, GenuineIntel



---------------  S Y S T E M  ---------------

OS: Windows 8.1 , 64 bit Build 9600 (6.3.9600.17415)

CPU:total 4 (2 cores per cpu, 2 threads per core) family 6 model 61 stepping 4, cmov, cx8, fxsr, mmx, sse, sse2, sse3, ssse3, sse4.1, sse4.2, popcnt, avx, avx2, aes, clmul, erms, rtm, 3dnowpref, lzcnt, ht, tsc, tscinvbit, bmi1, bmi2, adx

Memory: 4k page, physical 16663004k(2452088k free), swap 19808732k(5408k free)

vm_info: Java HotSpot(TM) 64-Bit Server VM (25.91-b15) for windows-amd64 JRE (1.8.0_91-b15), built on May 20 2016 17:43:15 by "java_re" with MS VC++ 10.0 (VS2010)

time: Tue Oct 18 13:08:02 2016
elapsed time: 20 seconds (0d 0h 0m 20s)

